SF:lib/data/models/subtitle.dart
DA:8,2
DA:10,2
DA:11,2
DA:12,2
DA:13,2
DA:14,2
LF:6
LH:6
end_of_record
SF:lib/data/models/subtitles.dart
DA:7,2
DA:9,0
DA:10,0
DA:11,0
LF:4
LH:1
end_of_record
SF:lib/data/repository/subtitle_repository.dart
DA:18,2
DA:20,2
DA:21,2
DA:22,2
DA:29,2
DA:30,8
DA:32,2
DA:33,2
DA:34,2
DA:35,0
DA:38,2
DA:40,2
DA:44,2
DA:45,4
DA:46,4
DA:49,4
DA:54,6
DA:55,1
DA:57,2
DA:59,3
DA:60,1
DA:62,2
DA:68,0
DA:72,2
DA:73,4
DA:76,4
DA:77,4
DA:78,2
DA:79,0
DA:80,0
DA:83,2
DA:84,0
DA:85,0
DA:90,4
DA:91,2
DA:92,2
DA:93,2
DA:96,0
DA:97,0
DA:98,0
DA:106,0
DA:110,2
DA:113,2
DA:114,1
DA:119,1
DA:120,1
DA:129,4
DA:130,2
DA:132,4
DA:133,4
DA:134,4
DA:135,4
DA:136,4
DA:138,4
DA:139,4
DA:140,4
DA:141,4
DA:142,4
DA:144,2
DA:149,2
DA:155,2
DA:156,4
DA:159,2
DA:163,2
DA:164,2
DA:166,7
DA:167,2
DA:168,0
DA:170,2
LF:69
LH:58
end_of_record
SF:lib/subtitle_controller.dart
DA:8,2
DA:17,2
DA:18,2
DA:19,2
DA:22,2
DA:23,2
DA:24,2
LF:7
LH:7
end_of_record
