SF:lib/bloc/subtitle/subtitle_event.dart
DA:4,2
DA:10,2
DA:18,1
LF:3
LH:3
end_of_record
SF:lib/bloc/subtitle/subtitle_bloc.dart
DA:20,2
DA:24,4
DA:25,4
DA:29,2
DA:32,2
DA:33,2
DA:34,2
DA:35,4
DA:36,1
DA:37,3
DA:41,2
DA:42,4
DA:43,8
DA:44,4
DA:47,1
DA:48,2
DA:49,2
DA:50,0
DA:52,0
DA:53,0
DA:54,0
DA:55,0
DA:56,0
DA:57,0
DA:64,1
DA:66,2
DA:67,1
LF:27
LH:20
end_of_record
SF:lib/bloc/subtitle/subtitle_state.dart
DA:4,2
DA:8,0
DA:9,0
DA:13,1
DA:14,1
DA:18,1
DA:19,1
DA:23,1
DA:24,1
DA:30,1
DA:32,1
DA:33,1
DA:34,1
LF:13
LH:11
end_of_record
SF:lib/data/repository/subtitle_repository.dart
DA:17,4
DA:20,1
DA:22,1
DA:23,1
DA:33,1
DA:34,1
DA:35,3
DA:39,1
DA:40,1
DA:41,1
DA:42,0
DA:44,1
DA:48,1
DA:49,5
DA:53,0
DA:54,0
DA:58,1
DA:62,1
DA:67,4
DA:68,8
DA:69,8
DA:74,6
DA:80,4
DA:82,8
DA:87,3
DA:88,6
DA:91,6
DA:92,3
DA:95,6
DA:97,3
DA:98,3
DA:99,3
DA:104,2
DA:105,2
DA:106,2
DA:112,1
DA:113,1
DA:116,1
DA:117,1
DA:118,1
DA:123,1
DA:124,1
DA:125,1
DA:135,4
DA:138,4
DA:139,3
DA:144,1
DA:145,1
DA:154,8
DA:155,4
DA:157,7
DA:158,6
DA:159,6
DA:160,6
DA:161,6
DA:163,6
DA:164,6
DA:165,6
DA:166,6
DA:167,6
DA:169,3
DA:174,3
DA:180,3
DA:181,6
DA:184,4
DA:188,3
DA:189,3
DA:191,12
DA:192,6
DA:193,2
DA:195,4
LF:71
LH:68
end_of_record
SF:lib/subtitle_controller.dart
DA:13,4
DA:21,2
DA:22,2
DA:23,2
DA:26,2
DA:27,2
DA:28,2
DA:31,1
DA:34,1
DA:35,1
DA:36,2
DA:37,1
DA:42,1
DA:46,1
DA:49,1
DA:50,1
DA:51,2
DA:52,1
DA:57,1
DA:62,4
DA:67,4
LF:21
LH:21
end_of_record
SF:lib/data/models/subtitle.dart
DA:8,3
DA:10,3
DA:11,3
DA:12,3
DA:13,3
DA:14,3
LF:6
LH:6
end_of_record
SF:lib/data/models/subtitles.dart
DA:4,4
LF:1
LH:1
end_of_record
